<?xml version="1.0" encoding="UTF-8"?>
<testng-results skipped="0" failed="0" ignored="0" total="1" passed="1">
  <reporter-output>
  </reporter-output>
  <suite name="Default suite" duration-ms="14432" started-at="2021-06-11T14:38:19 IST" finished-at="2021-06-11T14:38:34 IST">
    <groups>
    </groups>
    <test name="Default test" duration-ms="14432" started-at="2021-06-11T14:38:19 IST" finished-at="2021-06-11T14:38:34 IST">
      <class name="com.OrangeHRM.Scroll_Option2_Exampe">
        <test-method status="PASS" signature="ByPage()[pri:0, instance:com.OrangeHRM.Scroll_Option2_Exampe@fad74ee]" name="ByPage" duration-ms="14371" started-at="2021-06-11T14:38:19 IST" finished-at="2021-06-11T14:38:34 IST">
          <reporter-output>
          </reporter-output>
        </test-method> <!-- ByPage -->
      </class> <!-- com.OrangeHRM.Scroll_Option2_Exampe -->
    </test> <!-- Default test -->
  </suite> <!-- Default suite -->
</testng-results>
